2023-10-09-16:21:13 INFO  BaseTest : setDriver : Spark report configured
2023-10-09-16:21:13 INFO  BaseTest : setup :SelectProfileTC_02 Test Object for reporting is created
2023-10-09-16:21:13 INFO  BaseTest : tearDown :SelectProfileTC_02 Tear down called
2023-10-09-16:21:13 INFO  BaseTest : setup :TC_01 Test Object for reporting is created
2023-10-09-16:21:21 INFO  BaseTest : tearDown :TC_01 Tear down called
2023-10-09-16:21:21 INFO  BaseTest : remove Driver : removed driver
2023-10-09-16:22:53 INFO  BaseTest : setDriver : Spark report configured
2023-10-09-16:22:53 INFO  BaseTest : setup :TC_01 Test Object for reporting is created
2023-10-09-16:23:01 INFO  BaseTest : tearDown :TC_01 Tear down called
2023-10-09-16:23:01 INFO  BaseTest : remove Driver : removed driver
2023-10-09-16:29:32 INFO  BaseTest : setDriver : Spark report configured
2023-10-09-16:29:32 INFO  BaseTest : setup :SelectProfileTC_02 Test Object for reporting is created
2023-10-09-16:29:32 INFO  BaseTest : tearDown :SelectProfileTC_02 Tear down called
2023-10-09-16:29:32 INFO  BaseTest : setup :TC_01 Test Object for reporting is created
2023-10-09-16:29:46 INFO  BaseTest : tearDown :TC_01 Tear down called
2023-10-09-16:29:46 INFO  BaseTest : remove Driver : removed driver
2023-10-09-16:54:32 INFO  BaseTest : setDriver : Spark report configured
2023-10-09-16:54:32 INFO  BaseTest : setup :TC_01 Test Object for reporting is created
2023-10-09-16:54:42 INFO  BaseTest : tearDown :TC_01 Tear down called
2023-10-09-16:54:42 INFO  BaseTest : remove Driver : removed driver
2023-10-09-16:56:18 INFO  BaseTest : setDriver : Spark report configured
2023-10-09-16:56:18 INFO  BaseTest : setup :SelectProfileTC_02 Test Object for reporting is created
2023-10-09-16:56:18 INFO  BaseTest : tearDown :SelectProfileTC_02 Tear down called
2023-10-09-16:56:18 INFO  BaseTest : setup :TC_01 Test Object for reporting is created
2023-10-09-16:56:26 INFO  BaseTest : tearDown :TC_01 Tear down called
2023-10-09-16:56:26 INFO  BaseTest : remove Driver : removed driver
2023-10-09-17:00:11 INFO  BaseTest : setDriver : Spark report configured
2023-10-09-17:00:11 INFO  BaseTest : setup :TC_01 Test Object for reporting is created
2023-10-09-17:00:19 INFO  BaseTest : tearDown :TC_01 Tear down called
2023-10-09-17:00:19 INFO  BaseTest : setup :searchTC_03 Test Object for reporting is created
2023-10-09-17:00:19 INFO  BaseTest : tearDown :searchTC_03 Tear down called
2023-10-09-17:00:19 INFO  BaseTest : remove Driver : removed driver
2023-10-09-17:05:37 INFO  BaseTest : setDriver : Spark report configured
2023-10-09-17:08:39 INFO  BaseTest : setDriver : Spark report configured
2023-10-09-17:10:13 INFO  BaseTest : setDriver : Spark report configured
2023-10-09-17:14:35 INFO  BaseTest : setDriver : Spark report configured
2023-10-09-17:14:35 INFO  BaseTest : setup :TC_01 Test Object for reporting is created
2023-10-09-17:14:44 INFO  BaseTest : tearDown :TC_01 Tear down called
2023-10-09-17:14:44 INFO  BaseTest : setup :searchTC_03 Test Object for reporting is created
2023-10-09-17:14:44 INFO  BaseTest : tearDown :searchTC_03 Tear down called
2023-10-09-17:14:44 INFO  BaseTest : remove Driver : removed driver
2023-10-09-19:47:13 INFO  BaseTest : setDriver : Spark report configured
2023-10-09-19:47:13 INFO  BaseTest : setup :TC_01 Test Object for reporting is created
2023-10-09-19:47:29 INFO  BaseTest : tearDown :TC_01 Tear down called
2023-10-09-19:47:29 INFO  BaseTest : setup :selectProfileTC_02 Test Object for reporting is created
2023-10-09-19:47:30 INFO  BaseTest : tearDown :selectProfileTC_02 Tear down called
2023-10-09-19:47:30 INFO  BaseTest : remove Driver : removed driver
2023-10-09-19:48:36 INFO  BaseTest : setDriver : Spark report configured
2023-10-09-19:48:36 INFO  BaseTest : setup :TC_01 Test Object for reporting is created
2023-10-09-19:48:48 INFO  BaseTest : tearDown :TC_01 Tear down called
2023-10-09-19:48:48 INFO  BaseTest : setup :searchTC_03 Test Object for reporting is created
2023-10-09-19:48:48 INFO  BaseTest : tearDown :searchTC_03 Tear down called
2023-10-09-19:48:48 INFO  BaseTest : remove Driver : removed driver
2023-10-09-19:58:43 INFO  BaseTest : setDriver : Spark report configured
2023-10-09-19:58:43 INFO  BaseTest : setup :TC_01 Test Object for reporting is created
2023-10-09-19:58:56 INFO  App is launched
2023-10-09-19:58:56 INFO  BaseTest : tearDown :TC_01 Tear down called
2023-10-09-19:58:56 INFO  BaseTest : remove Driver : removed driver
2023-10-09-20:01:12 INFO  BaseTest : setDriver : Spark report configured
2023-10-09-20:01:12 INFO  BaseTest : setup :TC_01 Test Object for reporting is created
2023-10-09-20:01:24 INFO  App is launched
2023-10-09-20:01:24 INFO  BaseTest : tearDown :TC_01 Tear down called
2023-10-09-20:01:24 INFO  BaseTest : setup :selectProfileTC_02 Test Object for reporting is created
2023-10-09-20:01:24 INFO  BaseTest : tearDown :selectProfileTC_02 Tear down called
2023-10-09-20:01:24 INFO  BaseTest : remove Driver : removed driver
2023-10-09-20:02:11 INFO  BaseTest : setDriver : Spark report configured
2023-10-09-20:02:11 INFO  BaseTest : setup :TC_01 Test Object for reporting is created
2023-10-09-20:02:23 INFO  App is launched
2023-10-09-20:02:23 INFO  BaseTest : tearDown :TC_01 Tear down called
2023-10-09-20:02:23 INFO  BaseTest : setup :selectProfileTC_02 Test Object for reporting is created
2023-10-09-20:02:24 INFO  BaseTest : tearDown :selectProfileTC_02 Tear down called
2023-10-09-20:02:24 INFO  BaseTest : remove Driver : removed driver
2023-10-09-20:03:04 INFO  BaseTest : setDriver : Spark report configured
2023-10-09-20:03:04 INFO  BaseTest : setup :TC_01 Test Object for reporting is created
2023-10-09-20:03:15 INFO  App is launched
2023-10-09-20:03:15 INFO  BaseTest : tearDown :TC_01 Tear down called
2023-10-09-20:03:15 INFO  BaseTest : setup :selectProfileTC_02 Test Object for reporting is created
2023-10-09-20:03:15 INFO  BaseTest : tearDown :selectProfileTC_02 Tear down called
2023-10-09-20:03:55 INFO  BaseTest : setDriver : Spark report configured
2023-10-09-20:06:08 INFO  BaseTest : setDriver : Spark report configured
2023-10-09-20:06:08 INFO  BaseTest : setup :TC_01 Test Object for reporting is created
2023-10-09-20:06:19 INFO  App is launched
2023-10-09-20:06:19 INFO  BaseTest : tearDown :TC_01 Tear down called
2023-10-09-20:06:19 INFO  BaseTest : setup :selectProfileTC_02 Test Object for reporting is created
2023-10-09-20:06:19 INFO  BaseTest : tearDown :selectProfileTC_02 Tear down called
2023-10-09-20:18:27 INFO  BaseTest : setDriver : Spark report configured
2023-10-09-20:18:27 INFO  BaseTest : setup :TC_01 Test Object for reporting is created
2023-10-09-20:18:38 INFO  App is launched
2023-10-09-20:18:38 INFO  BaseTest : tearDown :TC_01 Tear down called
2023-10-09-20:18:38 INFO  BaseTest : setup :selectProfileTC_02 Test Object for reporting is created
2023-10-09-20:18:38 INFO  BaseTest : tearDown :selectProfileTC_02 Tear down called
2023-10-09-20:18:38 INFO  BaseTest : remove Driver : removed driver
2023-10-09-20:25:54 INFO  BaseTest : setDriver : Spark report configured
2023-10-09-20:25:54 INFO  BaseTest : setup :TC_01 Test Object for reporting is created
2023-10-09-20:26:06 INFO  App is launched
2023-10-09-20:26:06 INFO  BaseTest : tearDown :TC_01 Tear down called
2023-10-09-20:26:06 INFO  BaseTest : setup :selectProfileTC_02 Test Object for reporting is created
2023-10-09-20:26:06 INFO  BaseTest : tearDown :selectProfileTC_02 Tear down called
2023-10-09-20:26:06 INFO  BaseTest : remove Driver : removed driver
2023-10-10-18:18:56 INFO  BaseTest : setDriver : Spark report configured
2023-10-10-18:24:14 INFO  BaseTest : setDriver : Spark report configured
2023-10-10-18:24:26 INFO  App Launched
2023-10-10-18:24:26 INFO  App is launched
2023-10-10-18:24:26 INFO  BaseTest : setup :searchTC_02 Test Object for reporting is created
2023-10-10-18:24:26 INFO  BaseTest : tearDown :searchTC_02 Tear down called
2023-10-10-18:24:26 INFO  BaseTest : setup :selectProfileTC_01 Test Object for reporting is created
2023-10-10-18:24:26 INFO  BaseTest : tearDown :selectProfileTC_01 Tear down called
2023-10-10-18:24:27 INFO  BaseTest : remove Driver : removed driver
2023-10-10-18:27:08 INFO  BaseTest : setDriver : Spark report configured
2023-10-10-18:27:09 INFO  BaseTest : remove Driver : removed driver
2023-10-10-18:32:25 INFO  BaseTest : setDriver : Spark report configured
2023-10-10-18:32:25 INFO  BaseTest : remove Driver : removed driver
2023-10-10-18:36:23 INFO  BaseTest : setDriver : Spark report configured
2023-10-10-18:36:24 INFO  BaseTest : remove Driver : removed driver
2023-10-10-18:37:24 INFO  BaseTest : setDriver : Spark report configured
2023-10-10-18:37:24 INFO  BaseTest : remove Driver : removed driver
2023-10-10-18:38:36 INFO  BaseTest : setDriver : Spark report configured
2023-10-10-18:38:51 INFO  App Launched
2023-10-10-18:38:51 INFO  App is launched
2023-10-10-18:38:51 INFO  BaseTest : setup :selectProfileTC_01 Test Object for reporting is created
2023-10-10-18:38:54 INFO  select profile successful
2023-10-10-18:38:54 INFO  BaseTest : tearDown :selectProfileTC_01 Tear down called
2023-10-10-18:38:54 INFO  BaseTest : remove Driver : removed driver
2023-10-10-18:39:20 INFO  BaseTest : setDriver : Spark report configured
2023-10-10-18:39:32 INFO  App Launched
2023-10-10-18:39:32 INFO  App is launched
2023-10-10-18:39:32 INFO  BaseTest : setup :searchTC_02 Test Object for reporting is created
2023-10-10-18:39:33 INFO  BaseTest : tearDown :searchTC_02 Tear down called
2023-10-10-18:39:33 INFO  BaseTest : setup :selectProfileTC_01 Test Object for reporting is created
2023-10-10-18:39:37 INFO  select profile successful
2023-10-10-18:39:37 INFO  BaseTest : tearDown :selectProfileTC_01 Tear down called
2023-10-10-18:39:38 INFO  BaseTest : remove Driver : removed driver
2023-10-10-18:52:25 INFO  BaseTest : setDriver : Spark report configured
2023-10-10-18:52:38 INFO  App Launched
2023-10-10-18:52:38 INFO  App is launched
2023-10-10-18:52:38 INFO  BaseTest : setup :searchItemTC_02 Test Object for reporting is created
2023-10-10-18:52:45 INFO  BaseTest : tearDown :searchItemTC_02 Tear down called
2023-10-10-18:52:45 INFO  BaseTest : setup :selectProfileTC_01 Test Object for reporting is created
2023-10-10-18:52:46 INFO  select profile successful
2023-10-10-18:52:46 INFO  BaseTest : tearDown :selectProfileTC_01 Tear down called
2023-10-10-18:52:47 INFO  BaseTest : remove Driver : removed driver
2023-10-10-19:02:54 INFO  BaseTest : setDriver : Spark report configured
2023-10-10-19:03:11 INFO  App Launched
2023-10-10-19:03:11 INFO  App is launched
2023-10-10-19:03:11 INFO  BaseTest : setup :searchItemTC_02 Test Object for reporting is created
2023-10-10-19:03:18 INFO  Item is selected
2023-10-10-19:03:18 INFO  BaseTest : tearDown :searchItemTC_02 Tear down called
2023-10-10-19:03:18 INFO  BaseTest : setup :selectProfileTC_01 Test Object for reporting is created
2023-10-10-19:03:20 INFO  select profile successful
2023-10-10-19:03:20 INFO  BaseTest : tearDown :selectProfileTC_01 Tear down called
2023-10-10-19:03:21 INFO  BaseTest : remove Driver : removed driver
2023-10-10-19:03:39 INFO  BaseTest : setDriver : Spark report configured
2023-10-10-19:03:52 INFO  App Launched
2023-10-10-19:03:52 INFO  App is launched
2023-10-10-19:03:52 INFO  BaseTest : setup :searchItemTC_02 Test Object for reporting is created
2023-10-10-19:04:00 INFO  Item is selected
2023-10-10-19:04:00 INFO  BaseTest : tearDown :searchItemTC_02 Tear down called
2023-10-10-19:04:00 INFO  BaseTest : setup :selectProfileTC_01 Test Object for reporting is created
2023-10-10-19:04:00 INFO  BaseTest : tearDown :selectProfileTC_01 Tear down called
2023-10-10-19:04:01 INFO  BaseTest : remove Driver : removed driver
2023-10-10-19:07:14 INFO  BaseTest : setDriver : Spark report configured
2023-10-10-19:07:29 INFO  App Launched
2023-10-10-19:07:29 INFO  App is launched
2023-10-10-19:07:29 INFO  BaseTest : setup :searchItemTC_02 Test Object for reporting is created
2023-10-10-19:07:36 INFO  Item is selected
2023-10-10-19:07:36 INFO  BaseTest : tearDown :searchItemTC_02 Tear down called
2023-10-10-19:07:36 INFO  BaseTest : setup :selectProfileTC_01 Test Object for reporting is created
2023-10-10-19:07:37 INFO  BaseTest : tearDown :selectProfileTC_01 Tear down called
2023-10-10-19:07:37 INFO  BaseTest : remove Driver : removed driver
2023-10-10-19:10:22 INFO  BaseTest : setDriver : Spark report configured
2023-10-10-19:10:37 INFO  App Launched
2023-10-10-19:10:37 INFO  App is launched
2023-10-10-19:10:37 INFO  BaseTest : setup :searchItemTC_02 Test Object for reporting is created
2023-10-10-19:10:43 INFO  Item is selected
2023-10-10-19:10:43 INFO  BaseTest : tearDown :searchItemTC_02 Tear down called
2023-10-10-19:10:43 INFO  BaseTest : setup :selectProfileTC_01 Test Object for reporting is created
2023-10-10-19:10:46 INFO  select profile successful
2023-10-10-19:10:46 INFO  BaseTest : tearDown :selectProfileTC_01 Tear down called
2023-10-10-19:10:46 INFO  BaseTest : remove Driver : removed driver
2023-10-10-21:22:10 INFO  BaseTest : setDriver : Spark report configured
2023-10-10-21:22:19 INFO  App Launched
2023-10-10-21:22:19 INFO  App is launched
2023-10-10-21:22:19 INFO  BaseTest : setup :searchItemTC_02 Test Object for reporting is created
2023-10-10-21:22:25 INFO  Item is selected
2023-10-10-21:22:25 INFO  BaseTest : tearDown :searchItemTC_02 Tear down called
2023-10-10-21:22:25 INFO  BaseTest : setup :selectProfileTC_01 Test Object for reporting is created
2023-10-10-21:22:29 INFO  select profile successful
2023-10-10-21:22:29 INFO  BaseTest : tearDown :selectProfileTC_01 Tear down called
2023-10-10-21:22:29 INFO  BaseTest : setup :rotateScreenTC_03 Test Object for reporting is created
2023-10-10-21:22:30 INFO  BaseTest : tearDown :rotateScreenTC_03 Tear down called
2023-10-10-21:22:31 INFO  BaseTest : remove Driver : removed driver
2023-10-12-09:34:49 INFO  BaseTest : setDriver : Spark report configured
2023-10-12-09:38:22 INFO  BaseTest : setDriver : Spark report configured
2023-10-12-09:38:30 INFO  App Launched
2023-10-12-09:38:30 INFO  App is launched
2023-10-12-09:38:30 INFO  BaseTest : setup :searchItemTC_02 Test Object for reporting is created
2023-10-12-09:38:37 INFO  Item is selected
2023-10-12-09:38:37 INFO  BaseTest : tearDown :searchItemTC_02 Tear down called
2023-10-12-09:38:37 INFO  BaseTest : setup :selectProfileTC_01 Test Object for reporting is created
2023-10-12-09:38:39 INFO  select profile successful
2023-10-12-09:38:39 INFO  BaseTest : tearDown :selectProfileTC_01 Tear down called
2023-10-12-09:38:39 INFO  BaseTest : setup :rotateScreenTC_03 Test Object for reporting is created
2023-10-12-09:38:41 INFO  BaseTest : tearDown :rotateScreenTC_03 Tear down called
2023-10-12-09:38:41 INFO  BaseTest : remove Driver : removed driver
2023-10-13-14:41:36 INFO  BaseTest : setDriver : Spark report configured
2023-10-13-14:41:44 INFO  App Launched
2023-10-13-14:41:44 INFO  App is launched
2023-10-13-14:41:44 INFO  BaseTest : setup :searchItemTC_02 Test Object for reporting is created
2023-10-13-14:41:50 INFO  Item is selected
2023-10-13-14:41:50 INFO  BaseTest : tearDown :searchItemTC_02 Tear down called
2023-10-13-14:41:50 INFO  BaseTest : setup :selectProfileTC_01 Test Object for reporting is created
2023-10-13-14:41:53 INFO  select profile successful
2023-10-13-14:41:53 INFO  BaseTest : tearDown :selectProfileTC_01 Tear down called
2023-10-13-14:41:53 INFO  BaseTest : setup :rotateScreenTC_03 Test Object for reporting is created
2023-10-13-14:41:55 INFO  BaseTest : tearDown :rotateScreenTC_03 Tear down called
2023-10-13-14:41:55 INFO  BaseTest : remove Driver : removed driver
2023-10-13-14:58:32 INFO  BaseTest : setDriver : Spark report configured
2023-10-13-14:58:40 INFO  App Launched
2023-10-13-14:58:40 INFO  App is launched
2023-10-13-14:58:40 INFO  BaseTest : setup :searchItemTC_02 Test Object for reporting is created
2023-10-13-14:58:48 INFO  Item is selected
2023-10-13-14:58:48 INFO  BaseTest : tearDown :searchItemTC_02 Tear down called
2023-10-13-14:58:48 INFO  BaseTest : setup :selectProfileTC_01 Test Object for reporting is created
2023-10-13-14:58:52 INFO  select profile successful
2023-10-13-14:58:52 INFO  BaseTest : tearDown :selectProfileTC_01 Tear down called
2023-10-13-14:58:52 INFO  BaseTest : setup :rotateScreenTC_04 Test Object for reporting is created
2023-10-13-14:58:53 INFO  BaseTest : tearDown :rotateScreenTC_04 Tear down called
2023-10-13-14:58:54 INFO  BaseTest : remove Driver : removed driver
2023-10-13-15:00:13 INFO  BaseTest : setDriver : Spark report configured
2023-10-13-15:00:21 INFO  App Launched
2023-10-13-15:00:21 INFO  App is launched
2023-10-13-15:00:21 INFO  BaseTest : setup :searchItemTC_02 Test Object for reporting is created
2023-10-13-15:00:27 INFO  Item is selected
2023-10-13-15:00:27 INFO  BaseTest : tearDown :searchItemTC_02 Tear down called
2023-10-13-15:00:27 INFO  BaseTest : setup :itemAddedintheCartTC_03 Test Object for reporting is created
2023-10-13-15:00:39 INFO  BaseTest : tearDown :itemAddedintheCartTC_03 Tear down called
2023-10-13-15:00:39 INFO  BaseTest : setup :selectProfileTC_01 Test Object for reporting is created
2023-10-13-15:00:50 INFO  BaseTest : tearDown :selectProfileTC_01 Tear down called
2023-10-13-15:00:50 INFO  BaseTest : setup :rotateScreenTC_04 Test Object for reporting is created
2023-10-13-15:00:52 INFO  BaseTest : tearDown :rotateScreenTC_04 Tear down called
2023-10-13-15:00:52 INFO  BaseTest : remove Driver : removed driver
2023-10-13-15:01:31 INFO  BaseTest : setDriver : Spark report configured
2023-10-13-15:01:39 INFO  App Launched
2023-10-13-15:01:39 INFO  App is launched
2023-10-13-15:01:39 INFO  BaseTest : setup :searchItemTC_02 Test Object for reporting is created
2023-10-13-15:01:44 INFO  Item is selected
2023-10-13-15:01:44 INFO  BaseTest : tearDown :searchItemTC_02 Tear down called
2023-10-13-15:01:44 INFO  BaseTest : setup :itemAddedintheCartTC_03 Test Object for reporting is created
2023-10-13-15:01:59 INFO  BaseTest : tearDown :itemAddedintheCartTC_03 Tear down called
2023-10-13-15:02:00 INFO  BaseTest : remove Driver : removed driver
2023-10-13-15:04:08 INFO  BaseTest : setDriver : Spark report configured
2023-10-13-15:04:16 INFO  App Launched
2023-10-13-15:04:16 INFO  App is launched
2023-10-13-15:04:16 INFO  BaseTest : setup :searchItemTC_02 Test Object for reporting is created
2023-10-13-15:04:23 INFO  Item is selected
2023-10-13-15:04:23 INFO  BaseTest : tearDown :searchItemTC_02 Tear down called
2023-10-13-15:04:23 INFO  BaseTest : setup :itemAddedintheCartTC_03 Test Object for reporting is created
2023-10-13-15:04:36 INFO  BaseTest : tearDown :itemAddedintheCartTC_03 Tear down called
2023-10-13-15:04:36 INFO  BaseTest : remove Driver : removed driver
2023-10-13-15:10:18 INFO  BaseTest : setDriver : Spark report configured
2023-10-13-15:10:26 INFO  App Launched
2023-10-13-15:10:26 INFO  App is launched
2023-10-13-15:10:26 INFO  BaseTest : setup :searchItemTC_02 Test Object for reporting is created
2023-10-13-15:10:31 INFO  Item is selected
2023-10-13-15:10:31 INFO  BaseTest : tearDown :searchItemTC_02 Tear down called
2023-10-13-15:10:31 INFO  BaseTest : setup :itemAddedintheCartTC_03 Test Object for reporting is created
2023-10-13-15:10:42 INFO  BaseTest : tearDown :itemAddedintheCartTC_03 Tear down called
2023-10-13-15:10:42 INFO  BaseTest : remove Driver : removed driver
2023-10-13-15:13:32 INFO  BaseTest : setDriver : Spark report configured
2023-10-13-15:13:40 INFO  App Launched
2023-10-13-15:13:40 INFO  App is launched
2023-10-13-15:13:40 INFO  BaseTest : setup :searchItemTC_02 Test Object for reporting is created
2023-10-13-15:13:47 INFO  Item is selected
2023-10-13-15:13:47 INFO  BaseTest : tearDown :searchItemTC_02 Tear down called
2023-10-13-15:13:47 INFO  BaseTest : setup :itemAddedintheCartTC_03 Test Object for reporting is created
2023-10-13-15:13:57 INFO  BaseTest : tearDown :itemAddedintheCartTC_03 Tear down called
2023-10-13-15:13:58 INFO  BaseTest : remove Driver : removed driver
2023-10-13-15:15:25 INFO  BaseTest : setDriver : Spark report configured
2023-10-13-15:15:33 INFO  App Launched
2023-10-13-15:15:33 INFO  App is launched
2023-10-13-15:15:33 INFO  BaseTest : setup :searchItemTC_02 Test Object for reporting is created
2023-10-13-15:15:38 INFO  Item is selected
2023-10-13-15:15:38 INFO  BaseTest : tearDown :searchItemTC_02 Tear down called
2023-10-13-15:15:39 INFO  BaseTest : remove Driver : removed driver
2023-10-13-15:16:45 INFO  BaseTest : setDriver : Spark report configured
2023-10-13-15:16:53 INFO  App Launched
2023-10-13-15:16:53 INFO  App is launched
2023-10-13-15:16:53 INFO  BaseTest : setup :searchItemTC_02 Test Object for reporting is created
2023-10-13-15:16:58 INFO  Item is selected
2023-10-13-15:16:58 INFO  BaseTest : tearDown :searchItemTC_02 Tear down called
2023-10-13-15:16:59 INFO  BaseTest : remove Driver : removed driver
2023-10-13-15:17:48 INFO  BaseTest : setDriver : Spark report configured
2023-10-13-15:17:56 INFO  App Launched
2023-10-13-15:17:56 INFO  App is launched
2023-10-13-15:17:56 INFO  BaseTest : setup :searchItemTC_02 Test Object for reporting is created
2023-10-13-15:18:12 INFO  BaseTest : tearDown :searchItemTC_02 Tear down called
2023-10-13-15:18:12 INFO  BaseTest : remove Driver : removed driver
2023-10-13-15:18:54 INFO  BaseTest : setDriver : Spark report configured
2023-10-13-15:19:02 INFO  App Launched
2023-10-13-15:19:02 INFO  App is launched
2023-10-13-15:19:02 INFO  BaseTest : setup :searchItemTC_02 Test Object for reporting is created
2023-10-13-15:19:08 INFO  Item is selected
2023-10-13-15:19:08 INFO  BaseTest : tearDown :searchItemTC_02 Tear down called
2023-10-13-15:19:08 INFO  BaseTest : remove Driver : removed driver
2023-10-13-15:19:28 INFO  BaseTest : setDriver : Spark report configured
2023-10-13-15:19:35 INFO  App Launched
2023-10-13-15:19:35 INFO  App is launched
2023-10-13-15:19:35 INFO  BaseTest : setup :searchItemTC_02 Test Object for reporting is created
2023-10-13-15:19:41 INFO  Item is selected
2023-10-13-15:19:41 INFO  BaseTest : tearDown :searchItemTC_02 Tear down called
2023-10-13-15:19:42 INFO  BaseTest : remove Driver : removed driver
2023-10-13-15:20:25 INFO  BaseTest : setDriver : Spark report configured
2023-10-13-15:20:32 INFO  App Launched
2023-10-13-15:20:32 INFO  App is launched
2023-10-13-15:20:32 INFO  BaseTest : setup :searchItemTC_02 Test Object for reporting is created
2023-10-13-15:20:38 INFO  Item is selected
2023-10-13-15:20:38 INFO  BaseTest : tearDown :searchItemTC_02 Tear down called
2023-10-13-15:20:38 INFO  BaseTest : remove Driver : removed driver
2023-10-13-15:22:58 INFO  BaseTest : setDriver : Spark report configured
2023-10-13-15:23:07 INFO  App Launched
2023-10-13-15:23:07 INFO  App is launched
2023-10-13-15:23:07 INFO  BaseTest : setup :searchItemTC_02 Test Object for reporting is created
2023-10-13-15:23:12 INFO  Item is selected
2023-10-13-15:23:12 INFO  BaseTest : tearDown :searchItemTC_02 Tear down called
2023-10-13-15:23:13 INFO  BaseTest : remove Driver : removed driver
2023-10-13-15:24:45 INFO  BaseTest : setDriver : Spark report configured
2023-10-13-15:24:53 INFO  App Launched
2023-10-13-15:24:53 INFO  App is launched
2023-10-13-15:24:53 INFO  BaseTest : setup :searchItemTC_02 Test Object for reporting is created
2023-10-13-15:24:59 INFO  Item is selected
2023-10-13-15:24:59 INFO  BaseTest : tearDown :searchItemTC_02 Tear down called
2023-10-13-15:25:00 INFO  BaseTest : remove Driver : removed driver
2023-10-13-15:26:07 INFO  BaseTest : setDriver : Spark report configured
2023-10-13-15:26:14 INFO  App Launched
2023-10-13-15:26:14 INFO  App is launched
2023-10-13-15:26:14 INFO  BaseTest : setup :searchItemTC_02 Test Object for reporting is created
2023-10-13-15:26:22 INFO  Item is selected
2023-10-13-15:26:22 INFO  BaseTest : tearDown :searchItemTC_02 Tear down called
2023-10-13-15:26:23 INFO  BaseTest : remove Driver : removed driver
2023-10-13-15:27:50 INFO  BaseTest : setDriver : Spark report configured
2023-10-13-15:27:57 INFO  App Launched
2023-10-13-15:27:57 INFO  App is launched
2023-10-13-15:27:57 INFO  BaseTest : setup :searchItemTC_02 Test Object for reporting is created
2023-10-13-15:28:08 INFO  BaseTest : tearDown :searchItemTC_02 Tear down called
2023-10-13-15:28:09 INFO  BaseTest : remove Driver : removed driver
2023-10-13-15:29:03 INFO  BaseTest : setDriver : Spark report configured
2023-10-13-15:29:11 INFO  App Launched
2023-10-13-15:29:11 INFO  App is launched
2023-10-13-15:29:11 INFO  BaseTest : setup :searchItemTC_02 Test Object for reporting is created
2023-10-13-15:29:17 INFO  Item is selected
2023-10-13-15:29:17 INFO  BaseTest : tearDown :searchItemTC_02 Tear down called
2023-10-13-15:29:17 INFO  BaseTest : remove Driver : removed driver
2023-10-14-13:25:55 INFO  BaseTest : setDriver : Spark report configured
2023-11-04-12:32:51 INFO  BaseTest : setDriver : Spark report configured
2023-11-07-13:53:58 INFO  BaseTest : setDriver : Spark report configured
2023-11-09-10:10:31 INFO  BaseTest : setDriver : Spark report configured
2023-11-09-10:10:39 INFO  App Launched
2023-11-09-10:10:39 INFO  App is launched
2023-11-09-10:10:40 INFO  BaseTest : setup :selectproduct Test Object for reporting is created
2023-11-09-10:10:43 INFO  category is clicked
2023-11-09-10:10:47 INFO  producect is displayed
2023-11-09-10:10:47 INFO  apple watch is selected
2023-11-09-10:10:49 INFO  add to cartbtn is clicked 
2023-11-09-10:10:52 INFO  BaseTest : tearDown :selectproduct Tear down called
2023-11-09-10:10:52 INFO  BaseTest : remove Driver : removed driver
2023-11-09-10:12:51 INFO  BaseTest : setDriver : Spark report configured
2023-11-09-10:13:05 INFO  App Launched
2023-11-09-10:13:05 INFO  App is launched
2023-11-09-10:13:05 INFO  BaseTest : setup :selectproduct Test Object for reporting is created
2023-11-09-10:13:08 INFO  BaseTest : tearDown :selectproduct Tear down called
2023-11-09-10:13:08 INFO  BaseTest : remove Driver : removed driver
2023-11-09-10:13:33 INFO  BaseTest : setDriver : Spark report configured
2023-11-09-10:13:40 INFO  App Launched
2023-11-09-10:13:40 INFO  App is launched
2023-11-09-10:13:40 INFO  BaseTest : setup :selectproduct Test Object for reporting is created
2023-11-09-10:13:43 INFO  category is clicked
2023-11-09-10:13:48 INFO  producect is displayed
2023-11-09-10:13:48 INFO  apple watch is selected
2023-11-09-10:13:50 INFO  add to cartbtn is clicked 
2023-11-09-10:13:50 INFO  BaseTest : tearDown :selectproduct Tear down called
2023-11-09-10:13:51 INFO  BaseTest : remove Driver : removed driver
2023-11-09-10:14:38 INFO  BaseTest : setDriver : Spark report configured
2023-11-09-10:14:45 INFO  App Launched
2023-11-09-10:14:45 INFO  App is launched
2023-11-09-10:14:45 INFO  BaseTest : setup :selectproduct Test Object for reporting is created
2023-11-09-10:14:48 INFO  category is clicked
2023-11-09-10:14:54 INFO  BaseTest : tearDown :selectproduct Tear down called
2023-11-09-10:14:55 INFO  BaseTest : remove Driver : removed driver
2023-11-09-10:16:01 INFO  BaseTest : setDriver : Spark report configured
2023-11-09-10:16:08 INFO  App Launched
2023-11-09-10:16:08 INFO  App is launched
2023-11-09-10:16:08 INFO  BaseTest : setup :selectproduct Test Object for reporting is created
2023-11-09-10:16:11 INFO  category is clicked
2023-11-09-10:16:15 INFO  producect is displayed
2023-11-09-10:16:16 INFO  apple watch is selected
2023-11-09-10:16:20 INFO  add to cartbtn is clicked 
2023-11-09-10:16:20 INFO  BaseTest : tearDown :selectproduct Tear down called
2023-11-09-10:16:20 INFO  BaseTest : remove Driver : removed driver
2023-11-09-10:19:01 INFO  BaseTest : setDriver : Spark report configured
2023-11-09-10:19:09 INFO  App Launched
2023-11-09-10:19:09 INFO  App is launched
2023-11-09-10:19:09 INFO  BaseTest : setup :selectproduct Test Object for reporting is created
2023-11-09-10:19:12 INFO  category is clicked
2023-11-09-10:19:16 INFO  producect is displayed
2023-11-09-10:19:17 INFO  apple watch is selected
2023-11-09-10:19:19 INFO  add to cartbtn is clicked 
2023-11-09-10:19:21 INFO  BaseTest : tearDown :selectproduct Tear down called
2023-11-09-10:19:21 INFO  BaseTest : remove Driver : removed driver
2023-11-09-10:23:12 INFO  BaseTest : setDriver : Spark report configured
2023-11-09-10:23:20 INFO  App Launched
2023-11-09-10:23:20 INFO  App is launched
2023-11-09-10:23:20 INFO  BaseTest : setup :selectproduct Test Object for reporting is created
2023-11-09-10:23:23 INFO  category is clicked
2023-11-09-10:23:24 INFO  BaseTest : tearDown :selectproduct Tear down called
2023-11-09-10:23:25 INFO  BaseTest : remove Driver : removed driver
2023-11-09-10:32:46 INFO  BaseTest : setDriver : Spark report configured
2023-11-09-10:32:53 INFO  App Launched
2023-11-09-10:32:53 INFO  App is launched
2023-11-09-10:32:53 INFO  BaseTest : setup :selectproduct Test Object for reporting is created
2023-11-09-10:32:57 INFO  category is clicked
2023-11-09-10:33:01 INFO  producect is displayed
2023-11-09-10:33:01 INFO  apple watch is selected
2023-11-09-10:33:04 INFO  add to cartbtn is clicked 
2023-11-09-10:33:05 INFO  1 watch
2023-11-09-10:33:05 INFO  BaseTest : tearDown :selectproduct Tear down called
2023-11-09-10:33:05 INFO  BaseTest : remove Driver : removed driver
2023-11-09-10:33:42 INFO  BaseTest : setDriver : Spark report configured
2023-11-09-10:33:49 INFO  App Launched
2023-11-09-10:33:49 INFO  App is launched
2023-11-09-10:33:49 INFO  BaseTest : setup :selectproduct Test Object for reporting is created
2023-11-09-10:33:52 INFO  category is clicked
2023-11-09-10:33:56 INFO  producect is displayed
2023-11-09-10:33:57 INFO  apple watch is selected
2023-11-09-10:33:59 INFO  add to cartbtn is clicked 
2023-11-09-10:34:01 INFO  1 watch
2023-11-09-10:34:01 INFO  BaseTest : tearDown :selectproduct Tear down called
2023-11-09-10:34:01 INFO  BaseTest : remove Driver : removed driver
2023-11-09-10:35:46 INFO  BaseTest : setDriver : Spark report configured
2023-11-09-10:35:54 INFO  App Launched
2023-11-09-10:35:54 INFO  App is launched
2023-11-09-10:35:54 INFO  BaseTest : setup :selectproduct Test Object for reporting is created
2023-11-09-10:35:57 INFO  category is clicked
2023-11-09-10:36:01 INFO  producect is displayed
2023-11-09-10:36:02 INFO  apple watch is selected
2023-11-09-10:36:04 INFO  add to cartbtn is clicked 
2023-11-09-10:36:05 INFO  1 watch
2023-11-09-10:36:05 INFO  BaseTest : tearDown :selectproduct Tear down called
2023-11-09-10:36:05 INFO  BaseTest : remove Driver : removed driver
2023-11-09-10:40:00 INFO  BaseTest : setDriver : Spark report configured
2023-11-09-10:40:07 INFO  App Launched
2023-11-09-10:40:07 INFO  App is launched
2023-11-09-10:40:07 INFO  BaseTest : setup :selectproduct Test Object for reporting is created
2023-11-09-10:40:10 INFO  category is clicked
2023-11-09-10:40:13 INFO  BaseTest : tearDown :selectproduct Tear down called
2023-11-09-10:40:13 INFO  BaseTest : remove Driver : removed driver
2023-11-09-10:41:40 INFO  BaseTest : setDriver : Spark report configured
2023-11-09-10:41:48 INFO  App Launched
2023-11-09-10:41:48 INFO  App is launched
2023-11-09-10:41:48 INFO  BaseTest : setup :selectproduct Test Object for reporting is created
2023-11-09-10:41:51 INFO  category is clicked
2023-11-09-10:41:54 INFO  producect is displayed
2023-11-09-10:41:55 INFO  apple watch is selected
2023-11-09-10:41:58 INFO  add to cartbtn is clicked 
2023-11-09-10:41:59 INFO  1 watch
2023-11-09-10:42:00 INFO  one watch added to the cart
2023-11-09-10:42:00 INFO  BaseTest : tearDown :selectproduct Tear down called
2023-11-09-10:42:00 INFO  BaseTest : remove Driver : removed driver
2023-11-09-10:46:36 INFO  BaseTest : setDriver : Spark report configured
2023-11-09-10:46:45 INFO  App Launched
2023-11-09-10:46:45 INFO  App is launched
2023-11-09-10:46:45 INFO  BaseTest : setup :selectproduct Test Object for reporting is created
2023-11-09-10:46:48 INFO  category is clicked
2023-11-09-10:46:53 INFO  product is displayed
2023-11-09-10:46:54 INFO  apple watch is selected
2023-11-09-10:46:56 INFO  add to cartbtn is clicked 
2023-11-09-10:46:57 INFO  1 watch
2023-11-09-10:46:58 INFO  one watch added to the cart
2023-11-09-10:46:58 INFO  BaseTest : tearDown :selectproduct Tear down called
2023-11-09-10:46:58 INFO  BaseTest : remove Driver : removed driver
2023-11-09-10:48:01 INFO  BaseTest : setDriver : Spark report configured
2023-11-09-10:48:09 INFO  App Launched
2023-11-09-10:48:09 INFO  App is launched
2023-11-09-10:48:09 INFO  BaseTest : setup :selectproduct Test Object for reporting is created
2023-11-09-10:48:12 INFO  category is clicked
2023-11-09-10:48:16 INFO  product is displayed
2023-11-09-10:48:18 INFO  apple watch is selected
2023-11-09-10:48:20 INFO  add to cartbtn is clicked 
2023-11-09-10:48:21 INFO  1 watch
2023-11-09-10:48:22 INFO  one watch added to the cart
2023-11-09-10:48:23 INFO  clicked on cart
2023-11-09-10:48:23 INFO  BaseTest : tearDown :selectproduct Tear down called
2023-11-09-10:48:23 INFO  BaseTest : remove Driver : removed driver
2023-11-09-10:50:06 INFO  BaseTest : setDriver : Spark report configured
2023-11-09-10:50:14 INFO  App Launched
2023-11-09-10:50:14 INFO  App is launched
2023-11-09-10:50:14 INFO  BaseTest : setup :selectproduct Test Object for reporting is created
2023-11-09-10:50:19 INFO  category is clicked
2023-11-09-10:50:22 INFO  product is displayed
2023-11-09-10:50:22 INFO  apple watch is selected
2023-11-09-10:50:25 INFO  add to cartbtn is clicked 
2023-11-09-10:50:26 INFO  1 watch
2023-11-09-10:50:27 INFO  one watch added to the cart
2023-11-09-10:50:27 INFO  clicked on cart
2023-11-09-10:50:27 INFO  BaseTest : tearDown :selectproduct Tear down called
2023-11-09-10:50:28 INFO  BaseTest : remove Driver : removed driver
2023-11-09-10:51:31 INFO  BaseTest : setDriver : Spark report configured
2023-11-09-10:51:38 INFO  App Launched
2023-11-09-10:51:38 INFO  App is launched
2023-11-09-10:51:38 INFO  BaseTest : setup :selectproduct Test Object for reporting is created
2023-11-09-10:51:41 INFO  category is clicked
2023-11-09-10:51:45 INFO  product is displayed
2023-11-09-10:51:46 INFO  apple watch is selected
2023-11-09-10:51:48 INFO  add to cartbtn is clicked 
2023-11-09-10:51:49 INFO  1 watch
2023-11-09-10:51:50 INFO  one watch added to the cart
2023-11-09-10:51:51 INFO  clicked on cart
2023-11-09-10:51:51 INFO  BaseTest : tearDown :selectproduct Tear down called
2023-11-09-10:51:51 INFO  BaseTest : remove Driver : removed driver
2023-11-09-10:52:30 INFO  BaseTest : setDriver : Spark report configured
2023-11-09-10:52:38 INFO  App Launched
2023-11-09-10:52:38 INFO  App is launched
2023-11-09-10:52:38 INFO  BaseTest : setup :selectproduct Test Object for reporting is created
2023-11-09-10:52:42 INFO  category is clicked
2023-11-09-10:52:45 INFO  product is displayed
2023-11-09-10:52:45 INFO  apple watch is selected
2023-11-09-10:52:47 INFO  add to cartbtn is clicked 
2023-11-09-10:52:48 INFO  1 watch
2023-11-09-10:52:49 INFO  one watch added to the cart
2023-11-09-10:52:50 INFO  clicked on cart
2023-11-09-10:52:51 INFO  BaseTest : tearDown :selectproduct Tear down called
2023-11-09-10:52:52 INFO  BaseTest : remove Driver : removed driver
2023-11-09-10:56:11 INFO  BaseTest : setDriver : Spark report configured
2023-11-09-10:56:19 INFO  App Launched
2023-11-09-10:56:19 INFO  App is launched
2023-11-09-10:56:19 INFO  BaseTest : setup :selectproduct Test Object for reporting is created
2023-11-09-10:56:22 INFO  category is clicked
2023-11-09-10:56:27 INFO  product is displayed
2023-11-09-10:56:27 INFO  apple watch is selected
2023-11-09-10:56:29 INFO  add to cartbtn is clicked 
2023-11-09-10:56:31 INFO  1 watch
2023-11-09-10:56:31 INFO  one watch added to the cart
2023-11-09-10:56:32 INFO  clicked on cart
2023-11-09-10:56:33 INFO  added product in cart is verified
2023-11-09-10:56:33 INFO  BaseTest : tearDown :selectproduct Tear down called
2023-11-09-10:56:34 INFO  BaseTest : remove Driver : removed driver
2023-11-09-11:00:07 INFO  BaseTest : setDriver : Spark report configured
2023-11-09-11:00:15 INFO  App Launched
2023-11-09-11:00:15 INFO  App is launched
2023-11-09-11:00:15 INFO  BaseTest : setup :selectproduct Test Object for reporting is created
2023-11-09-11:00:18 INFO  category is clicked
2023-11-09-11:00:21 INFO  product is displayed
2023-11-09-11:00:21 INFO  Samsung phone is selected
2023-11-09-11:00:23 INFO  add to cartbtn is clicked 
2023-11-09-11:00:25 INFO  1 item
2023-11-09-11:00:25 INFO  one phone added to the cart
2023-11-09-11:00:26 INFO  clicked on cart
2023-11-09-11:00:27 INFO  added product in cart is verified
2023-11-09-11:00:27 INFO  checkout is clicked
2023-11-09-11:00:27 INFO  BaseTest : tearDown :selectproduct Tear down called
2023-11-09-11:00:28 INFO  BaseTest : remove Driver : removed driver
2023-11-09-11:42:03 INFO  BaseTest : setDriver : Spark report configured
2023-11-09-11:42:11 INFO  App Launched
2023-11-09-11:42:11 INFO  App is launched
2023-11-09-11:42:11 INFO  BaseTest : setup :selectproduct Test Object for reporting is created
2023-11-09-11:42:14 INFO  category is clicked
2023-11-09-11:42:17 INFO  product is displayed
2023-11-09-11:42:18 INFO  Samsung phone is selected
2023-11-09-11:42:20 INFO  add to cartbtn is clicked 
2023-11-09-11:42:22 INFO  1 item
2023-11-09-11:42:22 INFO  one phone added to the cart
2023-11-09-11:42:23 INFO  clicked on cart
2023-11-09-11:42:24 INFO  added product in cart is verified
2023-11-09-11:42:25 INFO  checkout is clicked
2023-11-09-11:42:28 INFO  entered name
2023-11-09-11:42:31 INFO  entered email
2023-11-09-11:42:34 INFO  entered phoneNumber
2023-11-09-11:42:37 INFO  entered valid email
2023-11-09-11:42:37 INFO  BaseTest : tearDown :selectproduct Tear down called
2023-11-09-11:42:37 INFO  BaseTest : remove Driver : removed driver
2023-11-09-11:51:28 INFO  BaseTest : setDriver : Spark report configured
2023-11-09-11:51:34 INFO  App Launched
2023-11-09-11:51:34 INFO  App is launched
2023-11-09-11:51:34 INFO  BaseTest : setup :selectproduct Test Object for reporting is created
2023-11-09-11:51:36 INFO  BaseTest : tearDown :selectproduct Tear down called
2023-11-09-11:51:37 INFO  BaseTest : remove Driver : removed driver
2023-11-09-12:02:54 INFO  BaseTest : setDriver : Spark report configured
2023-11-09-12:03:03 INFO  App Launched
2023-11-09-12:03:03 INFO  App is launched
2023-11-09-12:03:03 INFO  BaseTest : setup :selectproduct Test Object for reporting is created
2023-11-09-12:03:06 INFO  category is clicked
2023-11-09-12:03:11 INFO  product is displayed
2023-11-09-12:03:12 INFO  Samsung phone is selected
2023-11-09-12:03:14 INFO  add to cartbtn is clicked 
2023-11-09-12:03:15 INFO  1 item
2023-11-09-12:03:16 INFO  one phone added to the cart
2023-11-09-12:03:17 INFO  clicked on cart
2023-11-09-12:03:19 INFO  BaseTest : tearDown :selectproduct Tear down called
2023-11-09-12:03:19 INFO  BaseTest : remove Driver : removed driver
2023-11-09-12:05:20 INFO  BaseTest : setDriver : Spark report configured
2023-11-09-12:05:34 INFO  App Launched
2023-11-09-12:05:34 INFO  App is launched
2023-11-09-12:05:34 INFO  BaseTest : setup :selectproduct Test Object for reporting is created
2023-11-09-12:05:42 INFO  category is clicked
2023-11-09-12:05:44 INFO  product is displayed
2023-11-09-12:05:44 INFO  Samsung phone is selected
2023-11-09-12:05:46 INFO  add to cartbtn is clicked 
2023-11-09-12:05:48 INFO  1 item
2023-11-09-12:05:48 INFO  one phone added to the cart
2023-11-09-12:05:49 INFO  clicked on cart
2023-11-09-12:05:50 INFO  added product in cart is verified
2023-11-09-12:05:50 INFO  checkout is clicked
2023-11-09-12:05:54 INFO  entered name
2023-11-09-12:05:57 INFO  entered email
2023-11-09-12:06:00 INFO  entered phoneNumber
2023-11-09-12:06:03 INFO  entered valid email
2023-11-09-12:06:07 INFO  keyboard is hidden
2023-11-09-12:06:07 INFO  BaseTest : tearDown :selectproduct Tear down called
2023-11-09-12:06:07 INFO  BaseTest : remove Driver : removed driver
2023-11-09-12:06:48 INFO  BaseTest : setDriver : Spark report configured
2023-11-09-12:06:56 INFO  App Launched
2023-11-09-12:06:56 INFO  App is launched
2023-11-09-12:06:56 INFO  BaseTest : setup :selectproduct Test Object for reporting is created
2023-11-09-12:06:59 INFO  category is clicked
2023-11-09-12:07:01 INFO  product is displayed
2023-11-09-12:07:03 INFO  Samsung phone is selected
2023-11-09-12:07:05 INFO  add to cartbtn is clicked 
2023-11-09-12:07:07 INFO  1 item
2023-11-09-12:07:20 INFO  BaseTest : tearDown :selectproduct Tear down called
2023-11-09-12:07:20 INFO  BaseTest : remove Driver : removed driver
2023-11-09-12:07:35 INFO  BaseTest : setDriver : Spark report configured
2023-11-09-12:07:43 INFO  App Launched
2023-11-09-12:07:43 INFO  App is launched
2023-11-09-12:07:43 INFO  BaseTest : setup :selectproduct Test Object for reporting is created
2023-11-09-12:07:46 INFO  category is clicked
2023-11-09-12:07:51 INFO  product is displayed
2023-11-09-12:07:51 INFO  Samsung phone is selected
2023-11-09-12:07:53 INFO  add to cartbtn is clicked 
2023-11-09-12:07:55 INFO  1 item
2023-11-09-12:07:55 INFO  one phone added to the cart
2023-11-09-12:07:56 INFO  clicked on cart
2023-11-09-12:07:57 INFO  added product in cart is verified
2023-11-09-12:07:57 INFO  checkout is clicked
2023-11-09-12:08:00 INFO  entered name
2023-11-09-12:08:03 INFO  entered email
2023-11-09-12:08:05 INFO  entered phoneNumber
2023-11-09-12:08:09 INFO  entered valid email
2023-11-09-12:08:11 INFO  keyboard is hidden
2023-11-09-12:08:11 INFO  BaseTest : tearDown :selectproduct Tear down called
2023-11-09-12:08:12 INFO  BaseTest : remove Driver : removed driver
2023-11-09-12:09:43 INFO  BaseTest : setDriver : Spark report configured
2023-11-09-12:09:49 INFO  App Launched
2023-11-09-12:09:49 INFO  App is launched
2023-11-09-12:09:49 INFO  BaseTest : setup :selectproduct Test Object for reporting is created
2023-11-09-12:09:52 INFO  category is clicked
2023-11-09-12:09:57 INFO  product is displayed
2023-11-09-12:09:57 INFO  Samsung phone is selected
2023-11-09-12:09:59 INFO  add to cartbtn is clicked 
2023-11-09-12:10:01 INFO  1 item
2023-11-09-12:10:02 INFO  one phone added to the cart
2023-11-09-12:10:03 INFO  clicked on cart
2023-11-09-12:10:04 INFO  BaseTest : tearDown :selectproduct Tear down called
2023-11-09-12:10:04 INFO  BaseTest : remove Driver : removed driver
2023-11-09-12:11:20 INFO  BaseTest : setDriver : Spark report configured
2023-11-09-12:11:28 INFO  App Launched
2023-11-09-12:11:28 INFO  App is launched
2023-11-09-12:11:28 INFO  BaseTest : setup :selectproduct Test Object for reporting is created
2023-11-09-12:11:31 INFO  category is clicked
2023-11-09-12:11:34 INFO  product is displayed
2023-11-09-12:11:35 INFO  Samsung phone is selected
2023-11-09-12:11:38 INFO  add to cartbtn is clicked 
2023-11-09-12:11:39 INFO  1 item
2023-11-09-12:11:40 INFO  one phone added to the cart
2023-11-09-12:11:40 INFO  clicked on cart
2023-11-09-12:11:41 INFO  added product in cart is verified
2023-11-09-12:11:42 INFO  checkout is clicked
2023-11-09-12:11:44 INFO  entered name
2023-11-09-12:11:47 INFO  entered email
2023-11-09-12:11:49 INFO  entered phoneNumber
2023-11-09-12:11:52 INFO  entered valid email
2023-11-09-12:11:53 INFO  keyboard is hidden
2023-11-09-12:11:53 INFO  BaseTest : tearDown :selectproduct Tear down called
2023-11-09-12:11:53 INFO  BaseTest : remove Driver : removed driver
2023-11-09-12:15:19 INFO  BaseTest : setDriver : Spark report configured
2023-11-09-12:15:25 INFO  App Launched
2023-11-09-12:15:25 INFO  App is launched
2023-11-09-12:15:25 INFO  BaseTest : setup :selectproduct Test Object for reporting is created
2023-11-09-12:15:28 INFO  category is clicked
2023-11-09-12:15:33 INFO  product is displayed
2023-11-09-12:15:33 INFO  Samsung phone is selected
2023-11-09-12:15:36 INFO  add to cartbtn is clicked 
2023-11-09-12:15:37 INFO  1 item
2023-11-09-12:15:37 INFO  one phone added to the cart
2023-11-09-12:15:38 INFO  clicked on cart
2023-11-09-12:15:39 INFO  added product in cart is verified
2023-11-09-12:15:40 INFO  checkout is clicked
2023-11-09-12:15:42 INFO  entered name
2023-11-09-12:15:45 INFO  entered email
2023-11-09-12:15:49 INFO  entered phoneNumber
2023-11-09-12:15:52 INFO  entered valid email
2023-11-09-12:15:52 INFO  keyboard is hidden
2023-11-09-12:15:53 INFO  dropdown is displayed
2023-11-09-12:15:55 INFO  option is selected
2023-11-09-12:15:55 INFO  BaseTest : tearDown :selectproduct Tear down called
2023-11-09-12:15:56 INFO  BaseTest : remove Driver : removed driver
2023-11-09-12:17:56 INFO  BaseTest : setDriver : Spark report configured
2023-11-09-12:18:03 INFO  App Launched
2023-11-09-12:18:03 INFO  App is launched
2023-11-09-12:18:03 INFO  BaseTest : setup :selectproduct Test Object for reporting is created
2023-11-09-12:18:06 INFO  category is clicked
2023-11-09-12:18:10 INFO  product is displayed
2023-11-09-12:18:10 INFO  Samsung phone is selected
2023-11-09-12:18:12 INFO  add to cartbtn is clicked 
2023-11-09-12:18:14 INFO  1 item
2023-11-09-12:18:14 INFO  one phone added to the cart
2023-11-09-12:18:15 INFO  clicked on cart
2023-11-09-12:18:16 INFO  added product in cart is verified
2023-11-09-12:18:17 INFO  checkout is clicked
2023-11-09-12:18:19 INFO  entered name
2023-11-09-12:18:22 INFO  entered email
2023-11-09-12:18:25 INFO  entered phoneNumber
2023-11-09-12:18:29 INFO  entered valid email
2023-11-09-12:18:29 INFO  keyboard is hidden
2023-11-09-12:18:30 INFO  dropdown is displayed
2023-11-09-12:18:32 INFO  option is selected
2023-11-09-12:18:43 INFO  BaseTest : tearDown :selectproduct Tear down called
2023-11-09-12:18:43 INFO  BaseTest : remove Driver : removed driver
2023-11-09-12:20:07 INFO  BaseTest : setDriver : Spark report configured
2023-11-09-12:20:15 INFO  App Launched
2023-11-09-12:20:15 INFO  App is launched
2023-11-09-12:20:15 INFO  BaseTest : setup :selectproduct Test Object for reporting is created
2023-11-09-12:20:18 INFO  category is clicked
2023-11-09-12:20:23 INFO  product is displayed
2023-11-09-12:20:23 INFO  Samsung phone is selected
2023-11-09-12:20:25 INFO  add to cartbtn is clicked 
2023-11-09-12:20:27 INFO  1 item
2023-11-09-12:20:27 INFO  one phone added to the cart
2023-11-09-12:20:28 INFO  clicked on cart
2023-11-09-12:20:29 INFO  added product in cart is verified
2023-11-09-12:20:29 INFO  checkout is clicked
2023-11-09-12:20:32 INFO  entered name
2023-11-09-12:20:34 INFO  entered email
2023-11-09-12:20:37 INFO  entered phoneNumber
2023-11-09-12:20:39 INFO  entered valid email
2023-11-09-12:20:40 INFO  keyboard is hidden
2023-11-09-12:20:41 INFO  dropdown is displayed
2023-11-09-12:20:43 INFO  option is selected
2023-11-09-12:20:43 INFO  BaseTest : tearDown :selectproduct Tear down called
2023-11-09-12:20:43 INFO  BaseTest : remove Driver : removed driver
2023-11-09-12:25:38 INFO  BaseTest : setDriver : Spark report configured
2023-11-09-12:25:48 INFO  App Launched
2023-11-09-12:25:48 INFO  App is launched
2023-11-09-12:25:48 INFO  BaseTest : setup :selectproduct Test Object for reporting is created
2023-11-09-12:25:50 INFO  category is clicked
2023-11-09-12:25:52 INFO  product is displayed
2023-11-09-12:25:55 INFO  Samsung phone is selected
2023-11-09-12:25:58 INFO  add to cartbtn is clicked 
2023-11-09-12:25:59 INFO  1 item
2023-11-09-12:26:00 INFO  one phone added to the cart
2023-11-09-12:26:01 INFO  clicked on cart
2023-11-09-12:26:02 INFO  added product in cart is verified
2023-11-09-12:26:02 INFO  checkout is clicked
2023-11-09-12:26:05 INFO  entered name
2023-11-09-12:26:08 INFO  entered email
2023-11-09-12:26:11 INFO  entered phoneNumber
2023-11-09-12:26:14 INFO  entered valid email
2023-11-09-12:26:14 INFO  keyboard is hidden
2023-11-09-12:26:15 INFO  dropdown is displayed
2023-11-09-12:26:17 INFO  option is selected
2023-11-09-12:26:28 INFO  BaseTest : tearDown :selectproduct Tear down called
2023-11-09-12:26:28 INFO  BaseTest : remove Driver : removed driver
2023-11-09-12:27:22 INFO  BaseTest : setDriver : Spark report configured
2023-11-09-12:27:30 INFO  App Launched
2023-11-09-12:27:30 INFO  App is launched
2023-11-09-12:27:30 INFO  BaseTest : setup :selectproduct Test Object for reporting is created
2023-11-09-12:27:33 INFO  category is clicked
2023-11-09-12:27:36 INFO  product is displayed
2023-11-09-12:27:38 INFO  Samsung phone is selected
2023-11-09-12:27:40 INFO  add to cartbtn is clicked 
2023-11-09-12:27:41 INFO  1 item
2023-11-09-12:27:42 INFO  one phone added to the cart
2023-11-09-12:27:43 INFO  clicked on cart
2023-11-09-12:27:44 INFO  BaseTest : tearDown :selectproduct Tear down called
2023-11-09-12:27:45 INFO  BaseTest : remove Driver : removed driver
2023-11-09-12:28:52 INFO  BaseTest : setDriver : Spark report configured
2023-11-09-12:28:59 INFO  App Launched
2023-11-09-12:28:59 INFO  App is launched
2023-11-09-12:28:59 INFO  BaseTest : setup :selectproduct Test Object for reporting is created
2023-11-09-12:29:03 INFO  category is clicked
2023-11-09-12:29:05 INFO  product is displayed
2023-11-09-12:29:07 INFO  Samsung phone is selected
2023-11-09-12:29:09 INFO  add to cartbtn is clicked 
2023-11-09-12:29:10 INFO  1 item
2023-11-09-12:29:11 INFO  one phone added to the cart
2023-11-09-12:29:12 INFO  clicked on cart
2023-11-09-12:29:13 INFO  added product in cart is verified
2023-11-09-12:29:13 INFO  checkout is clicked
2023-11-09-12:29:17 INFO  entered name
2023-11-09-12:29:19 INFO  entered email
2023-11-09-12:29:22 INFO  entered phoneNumber
2023-11-09-12:29:26 INFO  entered valid email
2023-11-09-12:29:26 INFO  keyboard is hidden
2023-11-09-12:29:27 INFO  dropdown is displayed
2023-11-09-12:29:29 INFO  option is selected
2023-11-09-12:29:29 INFO  BaseTest : tearDown :selectproduct Tear down called
2023-11-09-12:29:29 INFO  BaseTest : remove Driver : removed driver
2023-11-09-12:34:31 INFO  BaseTest : setDriver : Spark report configured
2023-11-09-12:34:45 INFO  App Launched
2023-11-09-12:34:45 INFO  App is launched
2023-11-09-12:34:45 INFO  BaseTest : setup :selectproduct Test Object for reporting is created
2023-11-09-12:34:48 INFO  BaseTest : tearDown :selectproduct Tear down called
2023-11-09-12:34:48 INFO  BaseTest : remove Driver : removed driver
2023-11-09-12:35:09 INFO  BaseTest : setDriver : Spark report configured
2023-11-09-12:35:17 INFO  App Launched
2023-11-09-12:35:17 INFO  App is launched
2023-11-09-12:35:17 INFO  BaseTest : setup :selectproduct Test Object for reporting is created
2023-11-09-12:35:20 INFO  category is clicked
2023-11-09-12:35:23 INFO  product is displayed
2023-11-09-12:35:24 INFO  Samsung phone is selected
2023-11-09-12:35:27 INFO  add to cartbtn is clicked 
2023-11-09-12:35:28 INFO  1 item
2023-11-09-12:35:29 INFO  one phone added to the cart
2023-11-09-12:35:29 INFO  clicked on cart
2023-11-09-12:35:31 INFO  added product in cart is verified
2023-11-09-12:35:31 INFO  checkout is clicked
2023-11-09-12:35:34 INFO  entered name
2023-11-09-12:35:37 INFO  entered email
2023-11-09-12:35:39 INFO  entered phoneNumber
2023-11-09-12:35:42 INFO  entered valid email
2023-11-09-12:35:43 INFO  keyboard is hidden
2023-11-09-12:35:44 INFO  dropdown is displayed
2023-11-09-12:35:46 INFO  option is selected
2023-11-09-12:35:46 INFO  checkout process started
2023-11-09-12:35:47 INFO  checkout confirmed
2023-11-09-12:35:47 INFO  BaseTest : tearDown :selectproduct Tear down called
2023-11-09-12:35:48 INFO  BaseTest : remove Driver : removed driver
2023-11-09-12:38:01 INFO  BaseTest : setDriver : Spark report configured
2023-11-09-12:38:08 INFO  App Launched
2023-11-09-12:38:08 INFO  App is launched
2023-11-09-12:38:08 INFO  BaseTest : setup :selectproduct Test Object for reporting is created
2023-11-09-12:38:11 INFO  category is clicked
2023-11-09-12:38:16 INFO  product is displayed
2023-11-09-12:38:16 INFO  Samsung phone is selected
2023-11-09-12:38:18 INFO  add to cartbtn is clicked 
2023-11-09-12:38:20 INFO  1 item
2023-11-09-12:38:20 INFO  one phone added to the cart
2023-11-09-12:38:21 INFO  clicked on cart
2023-11-09-12:38:22 INFO  added product in cart is verified
2023-11-09-12:38:22 INFO  checkout is clicked
2023-11-09-12:38:25 INFO  entered name
2023-11-09-12:38:28 INFO  entered email
2023-11-09-12:38:30 INFO  entered phoneNumber
2023-11-09-12:38:33 INFO  entered valid email
2023-11-09-12:38:33 INFO  keyboard is hidden
2023-11-09-12:38:34 INFO  dropdown is displayed
2023-11-09-12:38:36 INFO  option is selected
2023-11-09-12:38:37 INFO  checkout process started
2023-11-09-12:38:38 INFO  checkout confirmed
2023-11-09-12:38:38 INFO  BaseTest : tearDown :selectproduct Tear down called
2023-11-09-12:38:38 INFO  BaseTest : remove Driver : removed driver
2023-11-09-12:49:57 INFO  BaseTest : setDriver : Spark report configured
2023-11-09-12:50:04 INFO  App Launched
2023-11-09-12:50:04 INFO  App is launched
2023-11-09-12:50:04 INFO  BaseTest : setup :selectproduct Test Object for reporting is created
2023-11-09-12:50:07 INFO  category is clicked
2023-11-09-12:50:11 INFO  product is displayed
2023-11-09-12:50:13 INFO  Samsung phone is selected
2023-11-09-12:50:15 INFO  add to cartbtn is clicked 
2023-11-09-12:50:17 INFO  1 item
2023-11-09-12:50:17 INFO  one phone added to the cart
2023-11-09-12:50:18 INFO  clicked on cart
2023-11-09-12:50:19 INFO  added product in cart is verified
2023-11-09-12:50:19 INFO  checkout is clicked
2023-11-09-12:50:22 INFO  entered name
2023-11-09-12:50:26 INFO  entered email
2023-11-09-12:50:29 INFO  entered phoneNumber
2023-11-09-12:50:32 INFO  entered valid email
2023-11-09-12:50:33 INFO  keyboard is hidden
2023-11-09-12:50:34 INFO  dropdown is displayed
2023-11-09-12:50:35 INFO  option is selected
2023-11-09-12:50:36 INFO  checkout process started
2023-11-09-12:50:37 INFO  checkout confirmed
2023-11-09-12:50:45 INFO  congrats msg is accepted
2023-11-09-12:50:45 INFO  keyboard is hidden
2023-11-09-12:50:45 INFO  BaseTest : tearDown :selectproduct Tear down called
2023-11-09-12:50:45 INFO  BaseTest : remove Driver : removed driver
2023-11-09-12:51:07 INFO  BaseTest : setDriver : Spark report configured
2023-11-09-12:51:14 INFO  App Launched
2023-11-09-12:51:14 INFO  App is launched
2023-11-09-12:51:14 INFO  BaseTest : setup :selectproduct Test Object for reporting is created
2023-11-09-12:51:18 INFO  category is clicked
2023-11-09-12:51:20 INFO  product is displayed
2023-11-09-12:51:22 INFO  Samsung phone is selected
2023-11-09-12:51:24 INFO  add to cartbtn is clicked 
2023-11-09-12:51:26 INFO  1 item
2023-11-09-12:51:26 INFO  one phone added to the cart
2023-11-09-12:51:27 INFO  clicked on cart
2023-11-09-12:51:28 INFO  added product in cart is verified
2023-11-09-12:51:28 INFO  checkout is clicked
2023-11-09-12:51:32 INFO  entered name
2023-11-09-12:51:34 INFO  entered email
2023-11-09-12:51:37 INFO  entered phoneNumber
2023-11-09-12:51:40 INFO  entered valid email
2023-11-09-12:51:41 INFO  keyboard is hidden
2023-11-09-12:51:42 INFO  dropdown is displayed
2023-11-09-12:51:44 INFO  option is selected
2023-11-09-12:51:44 INFO  checkout process started
2023-11-09-12:51:57 INFO  BaseTest : tearDown :selectproduct Tear down called
2023-11-09-12:51:57 INFO  BaseTest : remove Driver : removed driver
2023-11-09-12:52:05 INFO  BaseTest : setDriver : Spark report configured
2023-11-09-12:52:13 INFO  App Launched
2023-11-09-12:52:13 INFO  App is launched
2023-11-09-12:52:13 INFO  BaseTest : setup :selectproduct Test Object for reporting is created
2023-11-09-12:52:19 INFO  category is clicked
2023-11-09-12:52:21 INFO  product is displayed
2023-11-09-12:52:21 INFO  Samsung phone is selected
2023-11-09-12:52:24 INFO  add to cartbtn is clicked 
2023-11-09-12:52:25 INFO  1 item
2023-11-09-12:52:26 INFO  one phone added to the cart
2023-11-09-12:52:26 INFO  clicked on cart
2023-11-09-12:52:27 INFO  added product in cart is verified
2023-11-09-12:52:28 INFO  checkout is clicked
2023-11-09-12:52:30 INFO  entered name
2023-11-09-12:52:33 INFO  entered email
2023-11-09-12:52:36 INFO  entered phoneNumber
2023-11-09-12:52:39 INFO  entered valid email
2023-11-09-12:52:40 INFO  keyboard is hidden
2023-11-09-12:52:41 INFO  dropdown is displayed
2023-11-09-12:52:42 INFO  option is selected
2023-11-09-12:52:43 INFO  checkout process started
2023-11-09-12:52:44 INFO  checkout confirmed
2023-11-09-12:52:50 INFO  congrats msg is accepted
2023-11-09-12:52:51 INFO  keyboard is hidden
2023-11-09-12:52:51 INFO  BaseTest : tearDown :selectproduct Tear down called
2023-11-09-12:52:51 INFO  BaseTest : remove Driver : removed driver
2023-11-09-13:02:50 INFO  BaseTest : setDriver : Spark report configured
2023-11-09-13:02:57 INFO  App Launched
2023-11-09-13:02:57 INFO  App is launched
2023-11-09-13:02:57 INFO  BaseTest : setup :selectproduct Test Object for reporting is created
2023-11-09-13:03:00 INFO  category is clicked
2023-11-09-13:03:04 INFO  product is displayed
2023-11-09-13:03:04 INFO  Samsung phone is selected
2023-11-09-13:03:06 INFO  add to cartbtn is clicked 
2023-11-09-13:03:08 INFO  1 item
2023-11-09-13:03:08 INFO  one phone added to the cart
2023-11-09-13:03:09 INFO  clicked on cart
2023-11-09-13:03:10 INFO  added product in cart is verified
2023-11-09-13:03:10 INFO  checkout is clicked
2023-11-09-13:03:13 INFO  entered name
2023-11-09-13:03:17 INFO  entered email
2023-11-09-13:03:19 INFO  entered phoneNumber
2023-11-09-13:03:22 INFO  entered valid email
2023-11-09-13:03:23 INFO  keyboard is hidden
2023-11-09-13:03:24 INFO  dropdown is displayed
2023-11-09-13:03:26 INFO  option is selected
2023-11-09-13:03:26 INFO  checkout process started
2023-11-09-13:03:27 INFO  checkout confirmed
2023-11-09-13:03:29 INFO  BaseTest : tearDown :selectproduct Tear down called
2023-11-09-13:03:29 INFO  BaseTest : remove Driver : removed driver
2023-11-09-13:05:26 INFO  BaseTest : setDriver : Spark report configured
2023-11-09-13:05:33 INFO  App Launched
2023-11-09-13:05:33 INFO  App is launched
2023-11-09-13:05:33 INFO  BaseTest : setup :selectproduct Test Object for reporting is created
2023-11-09-13:05:36 INFO  category is clicked
2023-11-09-13:05:40 INFO  product is displayed
2023-11-09-13:05:40 INFO  Samsung phone is selected
2023-11-09-13:05:42 INFO  add to cartbtn is clicked 
2023-11-09-13:05:44 INFO  1 item
2023-11-09-13:05:45 INFO  one phone added to the cart
2023-11-09-13:05:45 INFO  clicked on cart
2023-11-09-13:05:46 INFO  added product in cart is verified
2023-11-09-13:05:47 INFO  checkout is clicked
2023-11-09-13:05:49 INFO  entered name
2023-11-09-13:05:52 INFO  entered email
2023-11-09-13:05:55 INFO  entered phoneNumber
2023-11-09-13:05:58 INFO  entered valid email
2023-11-09-13:05:59 INFO  keyboard is hidden
2023-11-09-13:06:00 INFO  dropdown is displayed
2023-11-09-13:06:02 INFO  option is selected
2023-11-09-13:06:02 INFO  checkout process started
2023-11-09-13:06:04 INFO  checkout confirmed
2023-11-09-13:06:05 INFO  Assertion msg is successful
2023-11-09-13:06:10 INFO  congrats msg is accepted
2023-11-09-13:06:10 INFO  keyboard is hidden
2023-11-09-13:06:10 INFO  BaseTest : tearDown :selectproduct Tear down called
2023-11-09-13:06:11 INFO  BaseTest : remove Driver : removed driver
2023-11-22-01:20:28 INFO  BaseTest : setDriver : Spark report configured
